CA SAN ANTONIO	CA SAN ANTONIO	0.91
CA SAN ANTONIO 227	CA SAN ANTONIO, 227	0.91
	-	-
li	-	-
lim	-	-
l	-	-
lima	-	-
lim	-	-
limaa	-	-
lima	-	-
limaaa	-	-
limaa	-	-
lima	-	-
lim	-	-
li	-	-
p	-	-
pu	-	-
pue	-	-
pueb	-	-
puebl	-	-
puebli	-	-
pueblio	-	-
pueblio 	-	-
pueblio	-	-
puebli	-	-
pue	-	-
pueb	-	-
p	-	-
pu	-	-
puebl	-	-
pueblo	-	-
pueblo 	-	-
pueblo l	-	-
pueblo li	-	-
pueblo lib	-	-
pueblo libr	-	-
pue	-	-
pueb	-	-
p	-	-
pu	-	-
puebl	-	-
pueblo	-	-
puebloi	-	-
puebloi 	-	-
puebloi	-	-
pueblo	-	-
pueblo 	-	-
pueblo l	-	-
pueblo li	-	-
pueblo lib	-	-
pueblo libr	-	-
pueblo libre	-	-
pue	-	-
p	-	-
pueb	-	-
pu	-	-
puebl	-	-
puebli	-	-
pueblio	-	-
pueblio 	-	-
pueblio	-	-
puebli	PUEBLO LIBRE	0.37
pue	PUEBLO LIBRE	0.82
p	PALCA	0.82
pueb	-	-
pu	PUEBLO LIBRE	0.82
puebl	PUEBLO NUEVO	0.82
pueblo	PUEBLO NUEVO	0.82
pueblo 	PUEBLO NUEVO	0.82
pueblo l	PUEBLO NUEVO	0.41
pueblo li	PUEBLO NUEVO	0.38
pueblo lib	-	-
pueblo libr	PUEBLO LIBRE	0.82
pue	PUENTE PIEDRA	0.82
pueb	-	-
p	PARAMONGA	0.82
pu	PUNTA HERMOSA	0.82
puebl	PUEBLO LIBRE	0.82
pueblo	PUEBLO LIBRE	0.82
pueblo 	PUEBLO LIBRE	0.82
pueblo l	PUEBLO LIBRE	0.82
pueblo li	PUEBLO LIBRE	0.82
pueblo lib	-	-
pueblo libr	PUEBLO LIBRE	0.82
AV DEL PARQUE SUR	AV DEL PARQUE SUR	0.91
AV DEL PARQUE SUR 562	AV DEL PARQUE SUR	0.73
pueblo libre	PUEBLO LIBRE	0.91
pueblo libre	PUEBLO LIBRE	0.91
pueblio	PUEBLO LIBRE	0.34
pueblo libre	PUEBLO LIBRE	0.91
peublo libre	PUEBLO LIBRE	0.47
publo libre	PUEBLO LIBRE	0.61
pueblo libre	PUEBLO LIBRE	0.91
puebloi	PUEBLO LIBRE	0.34
puebloo	PUEBLO LIBRE	0.34
pueblo	PUEBLO LIBRE	0.82
pueblo libre	PUEBLO LIBRE	0.91
pueblo libre	PUEBLO LIBRE	0.91
pueblo libre	PUEBLO LIBRE	0.91
pueblo libre	PUEBLO LIBRE	0.91
pueblo libre	PUEBLO LIBRE	0.91
